C:\USERS\Алена\DOCUMENTS\VISUAL STUDIO 2012\PROJECTS\STACKLIST\STACKLIST\DEBUG\MAIN.OBJ
C:\USERS\АЛЕНА\DOCUMENTS\VISUAL STUDIO 2012\PROJECTS\STACKLIST\STACKLIST\DEBUG\VC110.PDB
C:\USERS\алена\DOCUMENTS\VISUAL STUDIO 2012\PROJECTS\STACKLIST\DEBUG\STACKLIST.ILK
C:\USERS\алена\DOCUMENTS\VISUAL STUDIO 2012\PROJECTS\STACKLIST\DEBUG\STACKLIST.EXE
C:\USERS\АЛЕНА\DOCUMENTS\VISUAL STUDIO 2012\PROJECTS\STACKLIST\DEBUG\STACKLIST.PDB
c:\Users\Алена\documents\visual studio 2012\Projects\StackList\StackList\Debug\main.obj
c:\Users\Алена\documents\visual studio 2012\Projects\StackList\StackList\Debug\cl.command.1.tlog
c:\Users\Алена\documents\visual studio 2012\Projects\StackList\StackList\Debug\CL.read.1.tlog
c:\Users\Алена\documents\visual studio 2012\Projects\StackList\StackList\Debug\CL.write.1.tlog
c:\Users\Алена\documents\visual studio 2012\Projects\StackList\StackList\Debug\link-cvtres.read.1.tlog
c:\Users\Алена\documents\visual studio 2012\Projects\StackList\StackList\Debug\link-cvtres.write.1.tlog
c:\Users\Алена\documents\visual studio 2012\Projects\StackList\StackList\Debug\link-rc.read.1.tlog
c:\Users\Алена\documents\visual studio 2012\Projects\StackList\StackList\Debug\link-rc.write.1.tlog
c:\Users\Алена\documents\visual studio 2012\Projects\StackList\StackList\Debug\link.command.1.tlog
c:\Users\Алена\documents\visual studio 2012\Projects\StackList\StackList\Debug\link.read.1.tlog
c:\Users\Алена\documents\visual studio 2012\Projects\StackList\StackList\Debug\link.write.1.tlog
c:\Users\Алена\documents\visual studio 2012\Projects\StackList\StackList\Debug\vc110.idb
c:\Users\Алена\documents\visual studio 2012\Projects\StackList\StackList\Debug\vc110.pdb
c:\users\алена\documents\visual studio 2012\Projects\StackList\Debug\StackList.pdb
c:\users\алена\documents\visual studio 2012\Projects\StackList\Debug\StackList.exe
c:\users\алена\documents\visual studio 2012\Projects\StackList\Debug\StackList.ilk
