C:\USERS\Алена\DOCUMENTS\VISUAL STUDIO 2012\PROJECTS\TABLETREE\TABLETREE\DEBUG\MAIN.OBJ
C:\USERS\АЛЕНА\DOCUMENTS\VISUAL STUDIO 2012\PROJECTS\TABLETREE\TABLETREE\DEBUG\VC110.PDB
C:\USERS\алена\DOCUMENTS\VISUAL STUDIO 2012\PROJECTS\TABLETREE\DEBUG\TABLETREE.ILK
C:\USERS\алена\DOCUMENTS\VISUAL STUDIO 2012\PROJECTS\TABLETREE\DEBUG\TABLETREE.EXE
C:\USERS\АЛЕНА\DOCUMENTS\VISUAL STUDIO 2012\PROJECTS\TABLETREE\DEBUG\TABLETREE.PDB
c:\Users\Алена\documents\visual studio 2012\Projects\TableTree\TableTree\Debug\main.obj
c:\Users\Алена\documents\visual studio 2012\Projects\TableTree\TableTree\Debug\cl.command.1.tlog
c:\Users\Алена\documents\visual studio 2012\Projects\TableTree\TableTree\Debug\CL.read.1.tlog
c:\Users\Алена\documents\visual studio 2012\Projects\TableTree\TableTree\Debug\CL.write.1.tlog
c:\Users\Алена\documents\visual studio 2012\Projects\TableTree\TableTree\Debug\link-cvtres.read.1.tlog
c:\Users\Алена\documents\visual studio 2012\Projects\TableTree\TableTree\Debug\link-cvtres.write.1.tlog
c:\Users\Алена\documents\visual studio 2012\Projects\TableTree\TableTree\Debug\link-rc.read.1.tlog
c:\Users\Алена\documents\visual studio 2012\Projects\TableTree\TableTree\Debug\link-rc.write.1.tlog
c:\Users\Алена\documents\visual studio 2012\Projects\TableTree\TableTree\Debug\link.command.1.tlog
c:\Users\Алена\documents\visual studio 2012\Projects\TableTree\TableTree\Debug\link.read.1.tlog
c:\Users\Алена\documents\visual studio 2012\Projects\TableTree\TableTree\Debug\link.write.1.tlog
c:\Users\Алена\documents\visual studio 2012\Projects\TableTree\TableTree\Debug\vc110.idb
c:\Users\Алена\documents\visual studio 2012\Projects\TableTree\TableTree\Debug\vc110.pdb
c:\users\алена\documents\visual studio 2012\Projects\TableTree\Debug\TableTree.pdb
c:\users\алена\documents\visual studio 2012\Projects\TableTree\Debug\TableTree.exe
c:\users\алена\documents\visual studio 2012\Projects\TableTree\Debug\TableTree.ilk
