C:\USERS\Алена\DOCUMENTS\VISUAL STUDIO 2010\PROJECTS\AVL\AVL\DEBUG\AVL.OBJ
C:\USERS\Алена\DOCUMENTS\VISUAL STUDIO 2010\PROJECTS\AVL\AVL\DEBUG\MAIN.OBJ
C:\USERS\АЛЕНА\DOCUMENTS\VISUAL STUDIO 2010\PROJECTS\AVL\AVL\DEBUG\VC110.PDB
C:\USERS\Алена\DOCUMENTS\VISUAL STUDIO 2010\PROJECTS\AVL\DEBUG\AVL.ILK
C:\USERS\Алена\DOCUMENTS\VISUAL STUDIO 2010\PROJECTS\AVL\DEBUG\AVL.EXE
C:\USERS\АЛЕНА\DOCUMENTS\VISUAL STUDIO 2010\PROJECTS\AVL\DEBUG\AVL.PDB
C:\Users\Алена\Documents\Visual Studio 2010\Projects\AVL\AVL\Debug\AVL.obj
C:\Users\Алена\Documents\Visual Studio 2010\Projects\AVL\AVL\Debug\main.obj
C:\Users\Алена\Documents\Visual Studio 2010\Projects\AVL\AVL\Debug\cl.command.1.tlog
C:\Users\Алена\Documents\Visual Studio 2010\Projects\AVL\AVL\Debug\CL.read.1.tlog
C:\Users\Алена\Documents\Visual Studio 2010\Projects\AVL\AVL\Debug\CL.write.1.tlog
C:\Users\Алена\Documents\Visual Studio 2010\Projects\AVL\AVL\Debug\link-cvtres.read.1.tlog
C:\Users\Алена\Documents\Visual Studio 2010\Projects\AVL\AVL\Debug\link-cvtres.write.1.tlog
C:\Users\Алена\Documents\Visual Studio 2010\Projects\AVL\AVL\Debug\link-rc.read.1.tlog
C:\Users\Алена\Documents\Visual Studio 2010\Projects\AVL\AVL\Debug\link-rc.write.1.tlog
C:\Users\Алена\Documents\Visual Studio 2010\Projects\AVL\AVL\Debug\link.command.1.tlog
C:\Users\Алена\Documents\Visual Studio 2010\Projects\AVL\AVL\Debug\link.read.1.tlog
C:\Users\Алена\Documents\Visual Studio 2010\Projects\AVL\AVL\Debug\link.write.1.tlog
C:\Users\Алена\Documents\Visual Studio 2010\Projects\AVL\AVL\Debug\vc110.idb
C:\Users\Алена\Documents\Visual Studio 2010\Projects\AVL\AVL\Debug\vc110.pdb
C:\Users\Алена\Documents\Visual Studio 2010\Projects\AVL\Debug\AVL.pdb
C:\Users\Алена\Documents\Visual Studio 2010\Projects\AVL\Debug\AVL.exe
C:\Users\Алена\Documents\Visual Studio 2010\Projects\AVL\Debug\AVL.ilk
