C:\USERS\Алена\DOCUMENTS\VISUAL STUDIO 2012\PROJECTS\QUEUELIST\QUEUELIST\DEBUG\MAIN.OBJ
C:\USERS\АЛЕНА\DOCUMENTS\VISUAL STUDIO 2012\PROJECTS\QUEUELIST\QUEUELIST\DEBUG\VC110.PDB
C:\USERS\Алена\DOCUMENTS\VISUAL STUDIO 2012\PROJECTS\QUEUELIST\DEBUG\QUEUELIST.ILK
C:\USERS\Алена\DOCUMENTS\VISUAL STUDIO 2012\PROJECTS\QUEUELIST\DEBUG\QUEUELIST.EXE
C:\USERS\АЛЕНА\DOCUMENTS\VISUAL STUDIO 2012\PROJECTS\QUEUELIST\DEBUG\QUEUELIST.PDB
C:\Users\Алена\Documents\Visual Studio 2012\Projects\QueueList\QueueList\Debug\main.obj
C:\Users\Алена\Documents\Visual Studio 2012\Projects\QueueList\QueueList\Debug\cl.command.1.tlog
C:\Users\Алена\Documents\Visual Studio 2012\Projects\QueueList\QueueList\Debug\CL.read.1.tlog
C:\Users\Алена\Documents\Visual Studio 2012\Projects\QueueList\QueueList\Debug\CL.write.1.tlog
C:\Users\Алена\Documents\Visual Studio 2012\Projects\QueueList\QueueList\Debug\link-cvtres.read.1.tlog
C:\Users\Алена\Documents\Visual Studio 2012\Projects\QueueList\QueueList\Debug\link-cvtres.write.1.tlog
C:\Users\Алена\Documents\Visual Studio 2012\Projects\QueueList\QueueList\Debug\link-rc.read.1.tlog
C:\Users\Алена\Documents\Visual Studio 2012\Projects\QueueList\QueueList\Debug\link-rc.write.1.tlog
C:\Users\Алена\Documents\Visual Studio 2012\Projects\QueueList\QueueList\Debug\link.command.1.tlog
C:\Users\Алена\Documents\Visual Studio 2012\Projects\QueueList\QueueList\Debug\link.read.1.tlog
C:\Users\Алена\Documents\Visual Studio 2012\Projects\QueueList\QueueList\Debug\link.write.1.tlog
C:\Users\Алена\Documents\Visual Studio 2012\Projects\QueueList\QueueList\Debug\vc110.idb
C:\Users\Алена\Documents\Visual Studio 2012\Projects\QueueList\QueueList\Debug\vc110.pdb
C:\Users\Алена\Documents\Visual Studio 2012\Projects\QueueList\Debug\QueueList.pdb
C:\Users\Алена\Documents\Visual Studio 2012\Projects\QueueList\Debug\QueueList.exe
C:\Users\Алена\Documents\Visual Studio 2012\Projects\QueueList\Debug\QueueList.ilk
